2015/11/11 3:03:03 にビルドを開始しました。
     1>ノード 2 上のプロジェクト "\\fs01\s1513113\Desktop\ICG215\02\Impressionist\Impressionist\Impressionist.vcxproj" (build ターゲット)。
     1>InitializeBuildStatus:
         "AlwaysCreate" が指定されたため "Debug\Impressionist.unsuccessfulbuild" を作成しています。
       ClCompile:
         c:\Program Files (x86)\Microsoft Visual Studio 10.0\VC\bin\CL.exe /c /I"\\fs01\s1513113\Desktop\ICG215\01\fltk-1.3.0" /ZI /nologo /W3 /WX- /Od /Oy- /D WIN32 /D _DEBUG /D _CONSOLE /D _UNICODE /D UNICODE /Gm /EHsc /RTC1 /MDd /GS /fp:precise /Zc:wchar_t /Zc:forScope /Fo"Debug\\" /Fd"Debug\vc100.pdb" /Gd /TP /analyze- /errorReport:prompt circleBrush.cpp FltDesignUI.cpp impBrush.cpp impressionist.cpp impressionistDoc.cpp impressionistUI.cpp lineBrush.cpp originalView.cpp paintView.cpp pointBrush.cpp ScatteredPointBrush.cpp triangleBrush.cpp
         ScatteredPointBrush.cpp
         impressionistUI.cpp
         impressionistDoc.cpp
     1>\\fs01\s1513113\desktop\icg215\02\impressionist\impressionist\impressionistdoc.cpp(234): warning C4101: 'i' : ローカル変数は 1 度も使われていません。
     1>\\fs01\s1513113\desktop\icg215\02\impressionist\impressionist\impressionistdoc.cpp(233): warning C4101: 'bufB' : ローカル変数は 1 度も使われていません。
     1>\\fs01\s1513113\desktop\icg215\02\impressionist\impressionist\impressionistdoc.cpp(233): warning C4101: 'bufR' : ローカル変数は 1 度も使われていません。
     1>\\fs01\s1513113\desktop\icg215\02\impressionist\impressionist\impressionistdoc.cpp(233): warning C4101: 'bufG' : ローカル変数は 1 度も使われていません。
     1>\\fs01\s1513113\desktop\icg215\02\impressionist\impressionist\impressionistdoc.cpp(234): warning C4101: 'k' : ローカル変数は 1 度も使われていません。
     1>\\fs01\s1513113\desktop\icg215\02\impressionist\impressionist\impressionistdoc.cpp(234): warning C4101: 'l' : ローカル変数は 1 度も使われていません。
     1>\\fs01\s1513113\desktop\icg215\02\impressionist\impressionist\impressionistdoc.cpp(234): warning C4101: 'j' : ローカル変数は 1 度も使われていません。
         コードを生成中...
         コンパイル中...
         triangleBrush.cpp
         pointBrush.cpp
         paintView.cpp
         originalView.cpp
         lineBrush.cpp
         impressionist.cpp
         impBrush.cpp
         FltDesignUI.cpp
         circleBrush.cpp
         コードを生成中...
       ManifestResourceCompile:
         すべての出力が最新のものです。
       Link:
         c:\Program Files (x86)\Microsoft Visual Studio 10.0\VC\bin\link.exe /ERRORREPORT:PROMPT /OUT:"\\fs01\s1513113\Desktop\ICG215\02\Impressionist\Debug\Impressionist.exe" /INCREMENTAL /NOLOGO /LIBPATH:"\\fs01\s1513113\Desktop\ICG215\01\fltk-1.3.0\lib" comctl32.lib wsock32.lib opengl32.lib glu32.lib odbc32.lib odbccp32.lib fltkd.lib fltkformsd.lib fltkgld.lib fltkimagesd.lib fltkjpegd.lib fltkpngd.lib fltkzlibd.lib kernel32.lib user32.lib gdi32.lib winspool.lib comdlg32.lib advapi32.lib shell32.lib ole32.lib oleaut32.lib uuid.lib odbc32.lib odbccp32.lib /NODEFAULTLIB:LIBCMTd /MANIFEST /ManifestFile:"Debug\Impressionist.exe.intermediate.manifest" /MANIFESTUAC:"level='asInvoker' uiAccess='false'" /DEBUG /PDB:"\\fs01\s1513113\Desktop\ICG215\02\Impressionist\Debug\Impressionist.pdb" /SUBSYSTEM:CONSOLE /TLBID:1 /DYNAMICBASE /NXCOMPAT /IMPLIB:"\\fs01\s1513113\Desktop\ICG215\02\Impressionist\Debug\Impressionist.lib" /MACHINE:X86 Debug\Impressionist.exe.embed.manifest.res
         Debug\bitmap.obj
         Debug\circleBrush.obj
         Debug\FltDesignUI.obj
         Debug\impBrush.obj
         Debug\impressionist.obj
         Debug\impressionistDoc.obj
         Debug\impressionistUI.obj
         Debug\lineBrush.obj
         Debug\originalView.obj
         Debug\paintView.obj
         Debug\pointBrush.obj
         Debug\ScatteredPointBrush.obj
         Debug\triangleBrush.obj
            ライブラリ \\fs01\s1513113\Desktop\ICG215\02\Impressionist\Debug\Impressionist.lib とオブジェクト \\fs01\s1513113\Desktop\ICG215\02\Impressionist\Debug\Impressionist.exp を作成中
     1>fltkd.lib(case.obj) : warning LNK4099: PDB 'vc100.pdb' が 'fltkd.lib(case.obj)' で、または '\\fs01\s1513113\Desktop\ICG215\02\Impressionist\Debug\vc100.pdb' に見つかりません。デバッグ情報がないものとして、オブジェクトにリンクします。
     1>fltkd.lib(filename_absolute.obj) : warning LNK4099: PDB 'vc100.pdb' が 'fltkd.lib(filename_absolute.obj)' で、または '\\fs01\s1513113\Desktop\ICG215\02\Impressionist\Debug\vc100.pdb' に見つかりません。デバッグ情報がないものとして、オブジェクトにリンクします。
     1>fltkd.lib(filename_expand.obj) : warning LNK4099: PDB 'vc100.pdb' が 'fltkd.lib(filename_expand.obj)' で、または '\\fs01\s1513113\Desktop\ICG215\02\Impressionist\Debug\vc100.pdb' に見つかりません。デバッグ情報がないものとして、オブジェクトにリンクします。
     1>fltkd.lib(filename_isdir.obj) : warning LNK4099: PDB 'vc100.pdb' が 'fltkd.lib(filename_isdir.obj)' で、または '\\fs01\s1513113\Desktop\ICG215\02\Impressionist\Debug\vc100.pdb' に見つかりません。デバッグ情報がないものとして、オブジェクトにリンクします。
     1>fltkd.lib(filename_list.obj) : warning LNK4099: PDB 'vc100.pdb' が 'fltkd.lib(filename_list.obj)' で、または '\\fs01\s1513113\Desktop\ICG215\02\Impressionist\Debug\vc100.pdb' に見つかりません。デバッグ情報がないものとして、オブジェクトにリンクします。
     1>fltkd.lib(filename_match.obj) : warning LNK4099: PDB 'vc100.pdb' が 'fltkd.lib(filename_match.obj)' で、または '\\fs01\s1513113\Desktop\ICG215\02\Impressionist\Debug\vc100.pdb' に見つかりません。デバッグ情報がないものとして、オブジェクトにリンクします。
     1>fltkd.lib(Fl.obj) : warning LNK4099: PDB 'vc100.pdb' が 'fltkd.lib(Fl.obj)' で、または '\\fs01\s1513113\Desktop\ICG215\02\Impressionist\Debug\vc100.pdb' に見つかりません。デバッグ情報がないものとして、オブジェクトにリンクします。
     1>fltkd.lib(Fl_abort.obj) : warning LNK4099: PDB 'vc100.pdb' が 'fltkd.lib(Fl_abort.obj)' で、または '\\fs01\s1513113\Desktop\ICG215\02\Impressionist\Debug\vc100.pdb' に見つかりません。デバッグ情報がないものとして、オブジェクトにリンクします。
     1>fltkd.lib(fl_arc.obj) : warning LNK4099: PDB 'vc100.pdb' が 'fltkd.lib(fl_arc.obj)' で、または '\\fs01\s1513113\Desktop\ICG215\02\Impressionist\Debug\vc100.pdb' に見つかりません。デバッグ情報がないものとして、オブジェクトにリンクします。
     1>fltkd.lib(fl_arci.obj) : warning LNK4099: PDB 'vc100.pdb' が 'fltkd.lib(fl_arci.obj)' で、または '\\fs01\s1513113\Desktop\ICG215\02\Impressionist\Debug\vc100.pdb' に見つかりません。デバッグ情報がないものとして、オブジェクトにリンクします。
     1>fltkd.lib(fl_ask.obj) : warning LNK4099: PDB 'vc100.pdb' が 'fltkd.lib(fl_ask.obj)' で、または '\\fs01\s1513113\Desktop\ICG215\02\Impressionist\Debug\vc100.pdb' に見つかりません。デバッグ情報がないものとして、オブジェクトにリンクします。
     1>fltkd.lib(Fl_Bitmap.obj) : warning LNK4099: PDB 'vc100.pdb' が 'fltkd.lib(Fl_Bitmap.obj)' で、または '\\fs01\s1513113\Desktop\ICG215\02\Impressionist\Debug\vc100.pdb' に見つかりません。デバッグ情報がないものとして、オブジェクトにリンクします。
     1>fltkd.lib(Fl_Box.obj) : warning LNK4099: PDB 'vc100.pdb' が 'fltkd.lib(Fl_Box.obj)' で、または '\\fs01\s1513113\Desktop\ICG215\02\Impressionist\Debug\vc100.pdb' に見つかりません。デバッグ情報がないものとして、オブジェクトにリンクします。
     1>fltkd.lib(fl_boxtype.obj) : warning LNK4099: PDB 'vc100.pdb' が 'fltkd.lib(fl_boxtype.obj)' で、または '\\fs01\s1513113\Desktop\ICG215\02\Impressionist\Debug\vc100.pdb' に見つかりません。デバッグ情報がないものとして、オブジェクトにリンクします。
     1>fltkd.lib(Fl_Browser.obj) : warning LNK4099: PDB 'vc100.pdb' が 'fltkd.lib(Fl_Browser.obj)' で、または '\\fs01\s1513113\Desktop\ICG215\02\Impressionist\Debug\vc100.pdb' に見つかりません。デバッグ情報がないものとして、オブジェクトにリンクします。
     1>fltkd.lib(Fl_Browser_.obj) : warning LNK4099: PDB 'vc100.pdb' が 'fltkd.lib(Fl_Browser_.obj)' で、または '\\fs01\s1513113\Desktop\ICG215\02\Impressionist\Debug\vc100.pdb' に見つかりません。デバッグ情報がないものとして、オブジェクトにリンクします。
     1>fltkd.lib(Fl_Button.obj) : warning LNK4099: PDB 'vc100.pdb' が 'fltkd.lib(Fl_Button.obj)' で、または '\\fs01\s1513113\Desktop\ICG215\02\Impressionist\Debug\vc100.pdb' に見つかりません。デバッグ情報がないものとして、オブジェクトにリンクします。
     1>fltkd.lib(Fl_Check_Button.obj) : warning LNK4099: PDB 'vc100.pdb' が 'fltkd.lib(Fl_Check_Button.obj)' で、または '\\fs01\s1513113\Desktop\ICG215\02\Impressionist\Debug\vc100.pdb' に見つかりません。デバッグ情報がないものとして、オブジェクトにリンクします。
     1>fltkd.lib(Fl_Choice.obj) : warning LNK4099: PDB 'vc100.pdb' が 'fltkd.lib(Fl_Choice.obj)' で、または '\\fs01\s1513113\Desktop\ICG215\02\Impressionist\Debug\vc100.pdb' に見つかりません。デバッグ情報がないものとして、オブジェクトにリンクします。
     1>fltkd.lib(fl_color.obj) : warning LNK4099: PDB 'vc100.pdb' が 'fltkd.lib(fl_color.obj)' で、または '\\fs01\s1513113\Desktop\ICG215\02\Impressionist\Debug\vc100.pdb' に見つかりません。デバッグ情報がないものとして、オブジェクトにリンクします。
     1>fltkd.lib(Fl_compose.obj) : warning LNK4099: PDB 'vc100.pdb' が 'fltkd.lib(Fl_compose.obj)' で、または '\\fs01\s1513113\Desktop\ICG215\02\Impressionist\Debug\vc100.pdb' に見つかりません。デバッグ情報がないものとして、オブジェクトにリンクします。
     1>fltkd.lib(fl_cursor.obj) : warning LNK4099: PDB 'vc100.pdb' が 'fltkd.lib(fl_cursor.obj)' で、または '\\fs01\s1513113\Desktop\ICG215\02\Impressionist\Debug\vc100.pdb' に見つかりません。デバッグ情報がないものとして、オブジェクトにリンクします。
     1>fltkd.lib(fl_curve.obj) : warning LNK4099: PDB 'vc100.pdb' が 'fltkd.lib(fl_curve.obj)' で、または '\\fs01\s1513113\Desktop\ICG215\02\Impressionist\Debug\vc100.pdb' に見つかりません。デバッグ情報がないものとして、オブジェクトにリンクします。
     1>fltkd.lib(Fl_Device.obj) : warning LNK4099: PDB 'vc100.pdb' が 'fltkd.lib(Fl_Device.obj)' で、または '\\fs01\s1513113\Desktop\ICG215\02\Impressionist\Debug\vc100.pdb' に見つかりません。デバッグ情報がないものとして、オブジェクトにリンクします。
     1>fltkd.lib(fl_dnd.obj) : warning LNK4099: PDB 'vc100.pdb' が 'fltkd.lib(fl_dnd.obj)' で、または '\\fs01\s1513113\Desktop\ICG215\02\Impressionist\Debug\vc100.pdb' に見つかりません。デバッグ情報がないものとして、オブジェクトにリンクします。
     1>fltkd.lib(Fl_Double_Window.obj) : warning LNK4099: PDB 'vc100.pdb' が 'fltkd.lib(Fl_Double_Window.obj)' で、または '\\fs01\s1513113\Desktop\ICG215\02\Impressionist\Debug\vc100.pdb' に見つかりません。デバッグ情報がないものとして、オブジェクトにリンクします。
     1>fltkd.lib(fl_draw.obj) : warning LNK4099: PDB 'vc100.pdb' が 'fltkd.lib(fl_draw.obj)' で、または '\\fs01\s1513113\Desktop\ICG215\02\Impressionist\Debug\vc100.pdb' に見つかりません。デバッグ情報がないものとして、オブジェクトにリンクします。
     1>fltkd.lib(fl_draw_image.obj) : warning LNK4099: PDB 'vc100.pdb' が 'fltkd.lib(fl_draw_image.obj)' で、または '\\fs01\s1513113\Desktop\ICG215\02\Impressionist\Debug\vc100.pdb' に見つかりません。デバッグ情報がないものとして、オブジェクトにリンクします。
     1>fltkd.lib(fl_draw_pixmap.obj) : warning LNK4099: PDB 'vc100.pdb' が 'fltkd.lib(fl_draw_pixmap.obj)' で、または '\\fs01\s1513113\Desktop\ICG215\02\Impressionist\Debug\vc100.pdb' に見つかりません。デバッグ情報がないものとして、オブジェクトにリンクします。
     1>fltkd.lib(Fl_File_Browser.obj) : warning LNK4099: PDB 'vc100.pdb' が 'fltkd.lib(Fl_File_Browser.obj)' で、または '\\fs01\s1513113\Desktop\ICG215\02\Impressionist\Debug\vc100.pdb' に見つかりません。デバッグ情報がないものとして、オブジェクトにリンクします。
     1>fltkd.lib(Fl_File_Chooser.obj) : warning LNK4099: PDB 'vc100.pdb' が 'fltkd.lib(Fl_File_Chooser.obj)' で、または '\\fs01\s1513113\Desktop\ICG215\02\Impressionist\Debug\vc100.pdb' に見つかりません。デバッグ情報がないものとして、オブジェクトにリンクします。
     1>fltkd.lib(Fl_File_Chooser2.obj) : warning LNK4099: PDB 'vc100.pdb' が 'fltkd.lib(Fl_File_Chooser2.obj)' で、または '\\fs01\s1513113\Desktop\ICG215\02\Impressionist\Debug\vc100.pdb' に見つかりません。デバッグ情報がないものとして、オブジェクトにリンクします。
     1>fltkd.lib(fl_file_dir.obj) : warning LNK4099: PDB 'vc100.pdb' が 'fltkd.lib(fl_file_dir.obj)' で、または '\\fs01\s1513113\Desktop\ICG215\02\Impressionist\Debug\vc100.pdb' に見つかりません。デバッグ情報がないものとして、オブジェクトにリンクします。
     1>fltkd.lib(Fl_File_Icon.obj) : warning LNK4099: PDB 'vc100.pdb' が 'fltkd.lib(Fl_File_Icon.obj)' で、または '\\fs01\s1513113\Desktop\ICG215\02\Impressionist\Debug\vc100.pdb' に見つかりません。デバッグ情報がないものとして、オブジェクトにリンクします。
     1>fltkd.lib(Fl_File_Input.obj) : warning LNK4099: PDB 'vc100.pdb' が 'fltkd.lib(Fl_File_Input.obj)' で、または '\\fs01\s1513113\Desktop\ICG215\02\Impressionist\Debug\vc100.pdb' に見つかりません。デバッグ情報がないものとして、オブジェクトにリンクします。
     1>fltkd.lib(fl_font.obj) : warning LNK4099: PDB 'vc100.pdb' が 'fltkd.lib(fl_font.obj)' で、または '\\fs01\s1513113\Desktop\ICG215\02\Impressionist\Debug\vc100.pdb' に見つかりません。デバッグ情報がないものとして、オブジェクトにリンクします。
     1>fltkd.lib(Fl_get_system_colors.obj) : warning LNK4099: PDB 'vc100.pdb' が 'fltkd.lib(Fl_get_system_colors.obj)' で、または '\\fs01\s1513113\Desktop\ICG215\02\Impressionist\Debug\vc100.pdb' に見つかりません。デバッグ情報がないものとして、オブジェクトにリンクします。
     1>fltkd.lib(Fl_grab.obj) : warning LNK4099: PDB 'vc100.pdb' が 'fltkd.lib(Fl_grab.obj)' で、または '\\fs01\s1513113\Desktop\ICG215\02\Impressionist\Debug\vc100.pdb' に見つかりません。デバッグ情報がないものとして、オブジェクトにリンクします。
     1>fltkd.lib(Fl_Group.obj) : warning LNK4099: PDB 'vc100.pdb' が 'fltkd.lib(Fl_Group.obj)' で、または '\\fs01\s1513113\Desktop\ICG215\02\Impressionist\Debug\vc100.pdb' に見つかりません。デバッグ情報がないものとして、オブジェクトにリンクします。
     1>fltkd.lib(fl_gtk.obj) : warning LNK4099: PDB 'vc100.pdb' が 'fltkd.lib(fl_gtk.obj)' で、または '\\fs01\s1513113\Desktop\ICG215\02\Impressionist\Debug\vc100.pdb' に見つかりません。デバッグ情報がないものとして、オブジェクトにリンクします。
     1>fltkd.lib(Fl_Image.obj) : warning LNK4099: PDB 'vc100.pdb' が 'fltkd.lib(Fl_Image.obj)' で、または '\\fs01\s1513113\Desktop\ICG215\02\Impressionist\Debug\vc100.pdb' に見つかりません。デバッグ情報がないものとして、オブジェクトにリンクします。
     1>fltkd.lib(Fl_Input.obj) : warning LNK4099: PDB 'vc100.pdb' が 'fltkd.lib(Fl_Input.obj)' で、または '\\fs01\s1513113\Desktop\ICG215\02\Impressionist\Debug\vc100.pdb' に見つかりません。デバッグ情報がないものとして、オブジェクトにリンクします。
     1>fltkd.lib(Fl_Input_.obj) : warning LNK4099: PDB 'vc100.pdb' が 'fltkd.lib(Fl_Input_.obj)' で、または '\\fs01\s1513113\Desktop\ICG215\02\Impressionist\Debug\vc100.pdb' に見つかりません。デバッグ情報がないものとして、オブジェクトにリンクします。
     1>fltkd.lib(fl_labeltype.obj) : warning LNK4099: PDB 'vc100.pdb' が 'fltkd.lib(fl_labeltype.obj)' で、または '\\fs01\s1513113\Desktop\ICG215\02\Impressionist\Debug\vc100.pdb' に見つかりません。デバッグ情報がないものとして、オブジェクトにリンクします。
     1>fltkd.lib(Fl_Light_Button.obj) : warning LNK4099: PDB 'vc100.pdb' が 'fltkd.lib(Fl_Light_Button.obj)' で、または '\\fs01\s1513113\Desktop\ICG215\02\Impressionist\Debug\vc100.pdb' に見つかりません。デバッグ情報がないものとして、オブジェクトにリンクします。
     1>fltkd.lib(fl_line_style.obj) : warning LNK4099: PDB 'vc100.pdb' が 'fltkd.lib(fl_line_style.obj)' で、または '\\fs01\s1513113\Desktop\ICG215\02\Impressionist\Debug\vc100.pdb' に見つかりません。デバッグ情報がないものとして、オブジェクトにリンクします。
     1>fltkd.lib(Fl_lock.obj) : warning LNK4099: PDB 'vc100.pdb' が 'fltkd.lib(Fl_lock.obj)' で、または '\\fs01\s1513113\Desktop\ICG215\02\Impressionist\Debug\vc100.pdb' に見つかりません。デバッグ情報がないものとして、オブジェクトにリンクします。
     1>fltkd.lib(Fl_Menu.obj) : warning LNK4099: PDB 'vc100.pdb' が 'fltkd.lib(Fl_Menu.obj)' で、または '\\fs01\s1513113\Desktop\ICG215\02\Impressionist\Debug\vc100.pdb' に見つかりません。デバッグ情報がないものとして、オブジェクトにリンクします。
     1>fltkd.lib(Fl_Menu_.obj) : warning LNK4099: PDB 'vc100.pdb' が 'fltkd.lib(Fl_Menu_.obj)' で、または '\\fs01\s1513113\Desktop\ICG215\02\Impressionist\Debug\vc100.pdb' に見つかりません。デバッグ情報がないものとして、オブジェクトにリンクします。
     1>fltkd.lib(Fl_Menu_add.obj) : warning LNK4099: PDB 'vc100.pdb' が 'fltkd.lib(Fl_Menu_add.obj)' で、または '\\fs01\s1513113\Desktop\ICG215\02\Impressionist\Debug\vc100.pdb' に見つかりません。デバッグ情報がないものとして、オブジェクトにリンクします。
     1>fltkd.lib(Fl_Menu_Bar.obj) : warning LNK4099: PDB 'vc100.pdb' が 'fltkd.lib(Fl_Menu_Bar.obj)' で、または '\\fs01\s1513113\Desktop\ICG215\02\Impressionist\Debug\vc100.pdb' に見つかりません。デバッグ情報がないものとして、オブジェクトにリンクします。
     1>fltkd.lib(Fl_Menu_Button.obj) : warning LNK4099: PDB 'vc100.pdb' が 'fltkd.lib(Fl_Menu_Button.obj)' で、または '\\fs01\s1513113\Desktop\ICG215\02\Impressionist\Debug\vc100.pdb' に見つかりません。デバッグ情報がないものとして、オブジェクトにリンクします。
     1>fltkd.lib(Fl_Menu_Window.obj) : warning LNK4099: PDB 'vc100.pdb' が 'fltkd.lib(Fl_Menu_Window.obj)' で、または '\\fs01\s1513113\Desktop\ICG215\02\Impressionist\Debug\vc100.pdb' に見つかりません。デバッグ情報がないものとして、オブジェクトにリンクします。
     1>fltkd.lib(Fl_Native_File_Chooser.obj) : warning LNK4099: PDB 'vc100.pdb' が 'fltkd.lib(Fl_Native_File_Chooser.obj)' で、または '\\fs01\s1513113\Desktop\ICG215\02\Impressionist\Debug\vc100.pdb' に見つかりません。デバッグ情報がないものとして、オブジェクトにリンクします。
     1>fltkd.lib(Fl_Paged_Device.obj) : warning LNK4099: PDB 'vc100.pdb' が 'fltkd.lib(Fl_Paged_Device.obj)' で、または '\\fs01\s1513113\Desktop\ICG215\02\Impressionist\Debug\vc100.pdb' に見つかりません。デバッグ情報がないものとして、オブジェクトにリンクします。
     1>fltkd.lib(Fl_Pixmap.obj) : warning LNK4099: PDB 'vc100.pdb' が 'fltkd.lib(Fl_Pixmap.obj)' で、または '\\fs01\s1513113\Desktop\ICG215\02\Impressionist\Debug\vc100.pdb' に見つかりません。デバッグ情報がないものとして、オブジェクトにリンクします。
     1>fltkd.lib(fl_plastic.obj) : warning LNK4099: PDB 'vc100.pdb' が 'fltkd.lib(fl_plastic.obj)' で、または '\\fs01\s1513113\Desktop\ICG215\02\Impressionist\Debug\vc100.pdb' に見つかりません。デバッグ情報がないものとして、オブジェクトにリンクします。
     1>fltkd.lib(Fl_Preferences.obj) : warning LNK4099: PDB 'vc100.pdb' が 'fltkd.lib(Fl_Preferences.obj)' で、または '\\fs01\s1513113\Desktop\ICG215\02\Impressionist\Debug\vc100.pdb' に見つかりません。デバッグ情報がないものとして、オブジェクトにリンクします。
     1>fltkd.lib(Fl_Printer.obj) : warning LNK4099: PDB 'vc100.pdb' が 'fltkd.lib(Fl_Printer.obj)' で、または '\\fs01\s1513113\Desktop\ICG215\02\Impressionist\Debug\vc100.pdb' に見つかりません。デバッグ情報がないものとして、オブジェクトにリンクします。
     1>fltkd.lib(fl_read_image.obj) : warning LNK4099: PDB 'vc100.pdb' が 'fltkd.lib(fl_read_image.obj)' で、または '\\fs01\s1513113\Desktop\ICG215\02\Impressionist\Debug\vc100.pdb' に見つかりません。デバッグ情報がないものとして、オブジェクトにリンクします。
     1>fltkd.lib(fl_rect.obj) : warning LNK4099: PDB 'vc100.pdb' が 'fltkd.lib(fl_rect.obj)' で、または '\\fs01\s1513113\Desktop\ICG215\02\Impressionist\Debug\vc100.pdb' に見つかりません。デバッグ情報がないものとして、オブジェクトにリンクします。
     1>fltkd.lib(Fl_Return_Button.obj) : warning LNK4099: PDB 'vc100.pdb' が 'fltkd.lib(Fl_Return_Button.obj)' で、または '\\fs01\s1513113\Desktop\ICG215\02\Impressionist\Debug\vc100.pdb' に見つかりません。デバッグ情報がないものとして、オブジェクトにリンクします。
     1>fltkd.lib(fl_round_box.obj) : warning LNK4099: PDB 'vc100.pdb' が 'fltkd.lib(fl_round_box.obj)' で、または '\\fs01\s1513113\Desktop\ICG215\02\Impressionist\Debug\vc100.pdb' に見つかりません。デバッグ情報がないものとして、オブジェクトにリンクします。
     1>fltkd.lib(Fl_Scrollbar.obj) : warning LNK4099: PDB 'vc100.pdb' が 'fltkd.lib(Fl_Scrollbar.obj)' で、または '\\fs01\s1513113\Desktop\ICG215\02\Impressionist\Debug\vc100.pdb' に見つかりません。デバッグ情報がないものとして、オブジェクトにリンクします。
     1>fltkd.lib(Fl_Shared_Image.obj) : warning LNK4099: PDB 'vc100.pdb' が 'fltkd.lib(Fl_Shared_Image.obj)' で、または '\\fs01\s1513113\Desktop\ICG215\02\Impressionist\Debug\vc100.pdb' に見つかりません。デバッグ情報がないものとして、オブジェクトにリンクします。
     1>fltkd.lib(fl_shortcut.obj) : warning LNK4099: PDB 'vc100.pdb' が 'fltkd.lib(fl_shortcut.obj)' で、または '\\fs01\s1513113\Desktop\ICG215\02\Impressionist\Debug\vc100.pdb' に見つかりません。デバッグ情報がないものとして、オブジェクトにリンクします。
     1>fltkd.lib(Fl_Single_Window.obj) : warning LNK4099: PDB 'vc100.pdb' が 'fltkd.lib(Fl_Single_Window.obj)' で、または '\\fs01\s1513113\Desktop\ICG215\02\Impressionist\Debug\vc100.pdb' に見つかりません。デバッグ情報がないものとして、オブジェクトにリンクします。
     1>fltkd.lib(Fl_Slider.obj) : warning LNK4099: PDB 'vc100.pdb' が 'fltkd.lib(Fl_Slider.obj)' で、または '\\fs01\s1513113\Desktop\ICG215\02\Impressionist\Debug\vc100.pdb' に見つかりません。デバッグ情報がないものとして、オブジェクトにリンクします。
     1>fltkd.lib(fl_symbols.obj) : warning LNK4099: PDB 'vc100.pdb' が 'fltkd.lib(fl_symbols.obj)' で、または '\\fs01\s1513113\Desktop\ICG215\02\Impressionist\Debug\vc100.pdb' に見つかりません。デバッグ情報がないものとして、オブジェクトにリンクします。
     1>fltkd.lib(Fl_Tile.obj) : warning LNK4099: PDB 'vc100.pdb' が 'fltkd.lib(Fl_Tile.obj)' で、または '\\fs01\s1513113\Desktop\ICG215\02\Impressionist\Debug\vc100.pdb' に見つかりません。デバッグ情報がないものとして、オブジェクトにリンクします。
     1>fltkd.lib(Fl_Tiled_Image.obj) : warning LNK4099: PDB 'vc100.pdb' が 'fltkd.lib(Fl_Tiled_Image.obj)' で、または '\\fs01\s1513113\Desktop\ICG215\02\Impressionist\Debug\vc100.pdb' に見つかりません。デバッグ情報がないものとして、オブジェクトにリンクします。
     1>fltkd.lib(Fl_Tooltip.obj) : warning LNK4099: PDB 'vc100.pdb' が 'fltkd.lib(Fl_Tooltip.obj)' で、または '\\fs01\s1513113\Desktop\ICG215\02\Impressionist\Debug\vc100.pdb' に見つかりません。デバッグ情報がないものとして、オブジェクトにリンクします。
     1>fltkd.lib(fl_utf.obj) : warning LNK4099: PDB 'vc100.pdb' が 'fltkd.lib(fl_utf.obj)' で、または '\\fs01\s1513113\Desktop\ICG215\02\Impressionist\Debug\vc100.pdb' に見つかりません。デバッグ情報がないものとして、オブジェクトにリンクします。
     1>fltkd.lib(fl_utf8.obj) : warning LNK4099: PDB 'vc100.pdb' が 'fltkd.lib(fl_utf8.obj)' で、または '\\fs01\s1513113\Desktop\ICG215\02\Impressionist\Debug\vc100.pdb' に見つかりません。デバッグ情報がないものとして、オブジェクトにリンクします。
     1>fltkd.lib(Fl_Valuator.obj) : warning LNK4099: PDB 'vc100.pdb' が 'fltkd.lib(Fl_Valuator.obj)' で、または '\\fs01\s1513113\Desktop\ICG215\02\Impressionist\Debug\vc100.pdb' に見つかりません。デバッグ情報がないものとして、オブジェクトにリンクします。
     1>fltkd.lib(Fl_Value_Input.obj) : warning LNK4099: PDB 'vc100.pdb' が 'fltkd.lib(Fl_Value_Input.obj)' で、または '\\fs01\s1513113\Desktop\ICG215\02\Impressionist\Debug\vc100.pdb' に見つかりません。デバッグ情報がないものとして、オブジェクトにリンクします。
     1>fltkd.lib(Fl_Value_Slider.obj) : warning LNK4099: PDB 'vc100.pdb' が 'fltkd.lib(Fl_Value_Slider.obj)' で、または '\\fs01\s1513113\Desktop\ICG215\02\Impressionist\Debug\vc100.pdb' に見つかりません。デバッグ情報がないものとして、オブジェクトにリンクします。
     1>fltkd.lib(fl_vertex.obj) : warning LNK4099: PDB 'vc100.pdb' が 'fltkd.lib(fl_vertex.obj)' で、または '\\fs01\s1513113\Desktop\ICG215\02\Impressionist\Debug\vc100.pdb' に見つかりません。デバッグ情報がないものとして、オブジェクトにリンクします。
     1>fltkd.lib(Fl_visual.obj) : warning LNK4099: PDB 'vc100.pdb' が 'fltkd.lib(Fl_visual.obj)' で、または '\\fs01\s1513113\Desktop\ICG215\02\Impressionist\Debug\vc100.pdb' に見つかりません。デバッグ情報がないものとして、オブジェクトにリンクします。
     1>fltkd.lib(Fl_Widget.obj) : warning LNK4099: PDB 'vc100.pdb' が 'fltkd.lib(Fl_Widget.obj)' で、または '\\fs01\s1513113\Desktop\ICG215\02\Impressionist\Debug\vc100.pdb' に見つかりません。デバッグ情報がないものとして、オブジェクトにリンクします。
     1>fltkd.lib(Fl_Window.obj) : warning LNK4099: PDB 'vc100.pdb' が 'fltkd.lib(Fl_Window.obj)' で、または '\\fs01\s1513113\Desktop\ICG215\02\Impressionist\Debug\vc100.pdb' に見つかりません。デバッグ情報がないものとして、オブジェクトにリンクします。
     1>fltkd.lib(Fl_Window_hotspot.obj) : warning LNK4099: PDB 'vc100.pdb' が 'fltkd.lib(Fl_Window_hotspot.obj)' で、または '\\fs01\s1513113\Desktop\ICG215\02\Impressionist\Debug\vc100.pdb' に見つかりません。デバッグ情報がないものとして、オブジェクトにリンクします。
     1>fltkd.lib(Fl_XBM_Image.obj) : warning LNK4099: PDB 'vc100.pdb' が 'fltkd.lib(Fl_XBM_Image.obj)' で、または '\\fs01\s1513113\Desktop\ICG215\02\Impressionist\Debug\vc100.pdb' に見つかりません。デバッグ情報がないものとして、オブジェクトにリンクします。
     1>fltkd.lib(Fl_XPM_Image.obj) : warning LNK4099: PDB 'vc100.pdb' が 'fltkd.lib(Fl_XPM_Image.obj)' で、または '\\fs01\s1513113\Desktop\ICG215\02\Impressionist\Debug\vc100.pdb' に見つかりません。デバッグ情報がないものとして、オブジェクトにリンクします。
     1>fltkd.lib(flstring.obj) : warning LNK4099: PDB 'vc100.pdb' が 'fltkd.lib(flstring.obj)' で、または '\\fs01\s1513113\Desktop\ICG215\02\Impressionist\Debug\vc100.pdb' に見つかりません。デバッグ情報がないものとして、オブジェクトにリンクします。
     1>fltkd.lib(is_spacing.obj) : warning LNK4099: PDB 'vc100.pdb' が 'fltkd.lib(is_spacing.obj)' で、または '\\fs01\s1513113\Desktop\ICG215\02\Impressionist\Debug\vc100.pdb' に見つかりません。デバッグ情報がないものとして、オブジェクトにリンクします。
     1>fltkd.lib(numericsort.obj) : warning LNK4099: PDB 'vc100.pdb' が 'fltkd.lib(numericsort.obj)' で、または '\\fs01\s1513113\Desktop\ICG215\02\Impressionist\Debug\vc100.pdb' に見つかりません。デバッグ情報がないものとして、オブジェクトにリンクします。
     1>fltkd.lib(ps_image.obj) : warning LNK4099: PDB 'vc100.pdb' が 'fltkd.lib(ps_image.obj)' で、または '\\fs01\s1513113\Desktop\ICG215\02\Impressionist\Debug\vc100.pdb' に見つかりません。デバッグ情報がないものとして、オブジェクトにリンクします。
     1>fltkd.lib(scandir.obj) : warning LNK4099: PDB 'vc100.pdb' が 'fltkd.lib(scandir.obj)' で、または '\\fs01\s1513113\Desktop\ICG215\02\Impressionist\Debug\vc100.pdb' に見つかりません。デバッグ情報がないものとして、オブジェクトにリンクします。
     1>fltkd.lib(screen_xywh.obj) : warning LNK4099: PDB 'vc100.pdb' が 'fltkd.lib(screen_xywh.obj)' で、または '\\fs01\s1513113\Desktop\ICG215\02\Impressionist\Debug\vc100.pdb' に見つかりません。デバッグ情報がないものとして、オブジェクトにリンクします。
     1>fltkd.lib(vsnprintf.obj) : warning LNK4099: PDB 'vc100.pdb' が 'fltkd.lib(vsnprintf.obj)' で、または '\\fs01\s1513113\Desktop\ICG215\02\Impressionist\Debug\vc100.pdb' に見つかりません。デバッグ情報がないものとして、オブジェクトにリンクします。
     1>fltkgld.lib(Fl_Gl_Choice.obj) : warning LNK4099: PDB 'vc100.pdb' が 'fltkgld.lib(Fl_Gl_Choice.obj)' で、または '\\fs01\s1513113\Desktop\ICG215\02\Impressionist\Debug\vc100.pdb' に見つかりません。デバッグ情報がないものとして、オブジェクトにリンクします。
     1>fltkgld.lib(Fl_Gl_Device_Plugin.obj) : warning LNK4099: PDB 'vc100.pdb' が 'fltkgld.lib(Fl_Gl_Device_Plugin.obj)' で、または '\\fs01\s1513113\Desktop\ICG215\02\Impressionist\Debug\vc100.pdb' に見つかりません。デバッグ情報がないものとして、オブジェクトにリンクします。
     1>fltkgld.lib(Fl_Gl_Window.obj) : warning LNK4099: PDB 'vc100.pdb' が 'fltkgld.lib(Fl_Gl_Window.obj)' で、または '\\fs01\s1513113\Desktop\ICG215\02\Impressionist\Debug\vc100.pdb' に見つかりません。デバッグ情報がないものとして、オブジェクトにリンクします。
     1>fltkgld.lib(gl_draw.obj) : warning LNK4099: PDB 'vc100.pdb' が 'fltkgld.lib(gl_draw.obj)' で、または '\\fs01\s1513113\Desktop\ICG215\02\Impressionist\Debug\vc100.pdb' に見つかりません。デバッグ情報がないものとして、オブジェクトにリンクします。
     1>fltkimagesd.lib(Fl_BMP_Image.obj) : warning LNK4099: PDB 'vc100.pdb' が 'fltkimagesd.lib(Fl_BMP_Image.obj)' で、または '\\fs01\s1513113\Desktop\ICG215\02\Impressionist\Debug\vc100.pdb' に見つかりません。デバッグ情報がないものとして、オブジェクトにリンクします。
     1>fltkimagesd.lib(Fl_GIF_Image.obj) : warning LNK4099: PDB 'vc100.pdb' が 'fltkimagesd.lib(Fl_GIF_Image.obj)' で、または '\\fs01\s1513113\Desktop\ICG215\02\Impressionist\Debug\vc100.pdb' に見つかりません。デバッグ情報がないものとして、オブジェクトにリンクします。
     1>fltkimagesd.lib(fl_images_core.obj) : warning LNK4099: PDB 'vc100.pdb' が 'fltkimagesd.lib(fl_images_core.obj)' で、または '\\fs01\s1513113\Desktop\ICG215\02\Impressionist\Debug\vc100.pdb' に見つかりません。デバッグ情報がないものとして、オブジェクトにリンクします。
     1>fltkimagesd.lib(Fl_JPEG_Image.obj) : warning LNK4099: PDB 'vc100.pdb' が 'fltkimagesd.lib(Fl_JPEG_Image.obj)' で、または '\\fs01\s1513113\Desktop\ICG215\02\Impressionist\Debug\vc100.pdb' に見つかりません。デバッグ情報がないものとして、オブジェクトにリンクします。
     1>fltkimagesd.lib(Fl_PNG_Image.obj) : warning LNK4099: PDB 'vc100.pdb' が 'fltkimagesd.lib(Fl_PNG_Image.obj)' で、または '\\fs01\s1513113\Desktop\ICG215\02\Impressionist\Debug\vc100.pdb' に見つかりません。デバッグ情報がないものとして、オブジェクトにリンクします。
     1>fltkimagesd.lib(Fl_PNM_Image.obj) : warning LNK4099: PDB 'vc100.pdb' が 'fltkimagesd.lib(Fl_PNM_Image.obj)' で、または '\\fs01\s1513113\Desktop\ICG215\02\Impressionist\Debug\vc100.pdb' に見つかりません。デバッグ情報がないものとして、オブジェクトにリンクします。
     1>fltkjpegd.lib(jcomapi.obj) : warning LNK4099: PDB 'vc100.pdb' が 'fltkjpegd.lib(jcomapi.obj)' で、または '\\fs01\s1513113\Desktop\ICG215\02\Impressionist\Debug\vc100.pdb' に見つかりません。デバッグ情報がないものとして、オブジェクトにリンクします。
     1>fltkjpegd.lib(jaricom.obj) : warning LNK4099: PDB 'vc100.pdb' が 'fltkjpegd.lib(jaricom.obj)' で、または '\\fs01\s1513113\Desktop\ICG215\02\Impressionist\Debug\vc100.pdb' に見つかりません。デバッグ情報がないものとして、オブジェクトにリンクします。
     1>fltkjpegd.lib(jdarith.obj) : warning LNK4099: PDB 'vc100.pdb' が 'fltkjpegd.lib(jdarith.obj)' で、または '\\fs01\s1513113\Desktop\ICG215\02\Impressionist\Debug\vc100.pdb' に見つかりません。デバッグ情報がないものとして、オブジェクトにリンクします。
     1>fltkjpegd.lib(jdapimin.obj) : warning LNK4099: PDB 'vc100.pdb' が 'fltkjpegd.lib(jdapimin.obj)' で、または '\\fs01\s1513113\Desktop\ICG215\02\Impressionist\Debug\vc100.pdb' に見つかりません。デバッグ情報がないものとして、オブジェクトにリンクします。
     1>fltkjpegd.lib(jdapistd.obj) : warning LNK4099: PDB 'vc100.pdb' が 'fltkjpegd.lib(jdapistd.obj)' で、または '\\fs01\s1513113\Desktop\ICG215\02\Impressionist\Debug\vc100.pdb' に見つかりません。デバッグ情報がないものとして、オブジェクトにリンクします。
     1>fltkjpegd.lib(jdatasrc.obj) : warning LNK4099: PDB 'vc100.pdb' が 'fltkjpegd.lib(jdatasrc.obj)' で、または '\\fs01\s1513113\Desktop\ICG215\02\Impressionist\Debug\vc100.pdb' に見つかりません。デバッグ情報がないものとして、オブジェクトにリンクします。
     1>fltkjpegd.lib(jdcoefct.obj) : warning LNK4099: PDB 'vc100.pdb' が 'fltkjpegd.lib(jdcoefct.obj)' で、または '\\fs01\s1513113\Desktop\ICG215\02\Impressionist\Debug\vc100.pdb' に見つかりません。デバッグ情報がないものとして、オブジェクトにリンクします。
     1>fltkjpegd.lib(jdcolor.obj) : warning LNK4099: PDB 'vc100.pdb' が 'fltkjpegd.lib(jdcolor.obj)' で、または '\\fs01\s1513113\Desktop\ICG215\02\Impressionist\Debug\vc100.pdb' に見つかりません。デバッグ情報がないものとして、オブジェクトにリンクします。
     1>fltkjpegd.lib(jddctmgr.obj) : warning LNK4099: PDB 'vc100.pdb' が 'fltkjpegd.lib(jddctmgr.obj)' で、または '\\fs01\s1513113\Desktop\ICG215\02\Impressionist\Debug\vc100.pdb' に見つかりません。デバッグ情報がないものとして、オブジェクトにリンクします。
     1>fltkjpegd.lib(jdhuff.obj) : warning LNK4099: PDB 'vc100.pdb' が 'fltkjpegd.lib(jdhuff.obj)' で、または '\\fs01\s1513113\Desktop\ICG215\02\Impressionist\Debug\vc100.pdb' に見つかりません。デバッグ情報がないものとして、オブジェクトにリンクします。
     1>fltkjpegd.lib(jdinput.obj) : warning LNK4099: PDB 'vc100.pdb' が 'fltkjpegd.lib(jdinput.obj)' で、または '\\fs01\s1513113\Desktop\ICG215\02\Impressionist\Debug\vc100.pdb' に見つかりません。デバッグ情報がないものとして、オブジェクトにリンクします。
     1>fltkjpegd.lib(jdmainct.obj) : warning LNK4099: PDB 'vc100.pdb' が 'fltkjpegd.lib(jdmainct.obj)' で、または '\\fs01\s1513113\Desktop\ICG215\02\Impressionist\Debug\vc100.pdb' に見つかりません。デバッグ情報がないものとして、オブジェクトにリンクします。
     1>fltkjpegd.lib(jdmarker.obj) : warning LNK4099: PDB 'vc100.pdb' が 'fltkjpegd.lib(jdmarker.obj)' で、または '\\fs01\s1513113\Desktop\ICG215\02\Impressionist\Debug\vc100.pdb' に見つかりません。デバッグ情報がないものとして、オブジェクトにリンクします。
     1>fltkjpegd.lib(jdmaster.obj) : warning LNK4099: PDB 'vc100.pdb' が 'fltkjpegd.lib(jdmaster.obj)' で、または '\\fs01\s1513113\Desktop\ICG215\02\Impressionist\Debug\vc100.pdb' に見つかりません。デバッグ情報がないものとして、オブジェクトにリンクします。
     1>fltkjpegd.lib(jdmerge.obj) : warning LNK4099: PDB 'vc100.pdb' が 'fltkjpegd.lib(jdmerge.obj)' で、または '\\fs01\s1513113\Desktop\ICG215\02\Impressionist\Debug\vc100.pdb' に見つかりません。デバッグ情報がないものとして、オブジェクトにリンクします。
     1>fltkjpegd.lib(jdpostct.obj) : warning LNK4099: PDB 'vc100.pdb' が 'fltkjpegd.lib(jdpostct.obj)' で、または '\\fs01\s1513113\Desktop\ICG215\02\Impressionist\Debug\vc100.pdb' に見つかりません。デバッグ情報がないものとして、オブジェクトにリンクします。
     1>fltkjpegd.lib(jdsample.obj) : warning LNK4099: PDB 'vc100.pdb' が 'fltkjpegd.lib(jdsample.obj)' で、または '\\fs01\s1513113\Desktop\ICG215\02\Impressionist\Debug\vc100.pdb' に見つかりません。デバッグ情報がないものとして、オブジェクトにリンクします。
     1>fltkjpegd.lib(jerror.obj) : warning LNK4099: PDB 'vc100.pdb' が 'fltkjpegd.lib(jerror.obj)' で、または '\\fs01\s1513113\Desktop\ICG215\02\Impressionist\Debug\vc100.pdb' に見つかりません。デバッグ情報がないものとして、オブジェクトにリンクします。
     1>fltkjpegd.lib(jidctflt.obj) : warning LNK4099: PDB 'vc100.pdb' が 'fltkjpegd.lib(jidctflt.obj)' で、または '\\fs01\s1513113\Desktop\ICG215\02\Impressionist\Debug\vc100.pdb' に見つかりません。デバッグ情報がないものとして、オブジェクトにリンクします。
     1>fltkjpegd.lib(jidctfst.obj) : warning LNK4099: PDB 'vc100.pdb' が 'fltkjpegd.lib(jidctfst.obj)' で、または '\\fs01\s1513113\Desktop\ICG215\02\Impressionist\Debug\vc100.pdb' に見つかりません。デバッグ情報がないものとして、オブジェクトにリンクします。
     1>fltkjpegd.lib(jidctint.obj) : warning LNK4099: PDB 'vc100.pdb' が 'fltkjpegd.lib(jidctint.obj)' で、または '\\fs01\s1513113\Desktop\ICG215\02\Impressionist\Debug\vc100.pdb' に見つかりません。デバッグ情報がないものとして、オブジェクトにリンクします。
     1>fltkjpegd.lib(jmemmgr.obj) : warning LNK4099: PDB 'vc100.pdb' が 'fltkjpegd.lib(jmemmgr.obj)' で、または '\\fs01\s1513113\Desktop\ICG215\02\Impressionist\Debug\vc100.pdb' に見つかりません。デバッグ情報がないものとして、オブジェクトにリンクします。
     1>fltkjpegd.lib(jmemnobs.obj) : warning LNK4099: PDB 'vc100.pdb' が 'fltkjpegd.lib(jmemnobs.obj)' で、または '\\fs01\s1513113\Desktop\ICG215\02\Impressionist\Debug\vc100.pdb' に見つかりません。デバッグ情報がないものとして、オブジェクトにリンクします。
     1>fltkjpegd.lib(jquant1.obj) : warning LNK4099: PDB 'vc100.pdb' が 'fltkjpegd.lib(jquant1.obj)' で、または '\\fs01\s1513113\Desktop\ICG215\02\Impressionist\Debug\vc100.pdb' に見つかりません。デバッグ情報がないものとして、オブジェクトにリンクします。
     1>fltkjpegd.lib(jquant2.obj) : warning LNK4099: PDB 'vc100.pdb' が 'fltkjpegd.lib(jquant2.obj)' で、または '\\fs01\s1513113\Desktop\ICG215\02\Impressionist\Debug\vc100.pdb' に見つかりません。デバッグ情報がないものとして、オブジェクトにリンクします。
     1>fltkjpegd.lib(jutils.obj) : warning LNK4099: PDB 'vc100.pdb' が 'fltkjpegd.lib(jutils.obj)' で、または '\\fs01\s1513113\Desktop\ICG215\02\Impressionist\Debug\vc100.pdb' に見つかりません。デバッグ情報がないものとして、オブジェクトにリンクします。
     1>fltkpngd.lib(png.obj) : warning LNK4099: PDB 'vc100.pdb' が 'fltkpngd.lib(png.obj)' で、または '\\fs01\s1513113\Desktop\ICG215\02\Impressionist\Debug\vc100.pdb' に見つかりません。デバッグ情報がないものとして、オブジェクトにリンクします。
     1>fltkpngd.lib(pngerror.obj) : warning LNK4099: PDB 'vc100.pdb' が 'fltkpngd.lib(pngerror.obj)' で、または '\\fs01\s1513113\Desktop\ICG215\02\Impressionist\Debug\vc100.pdb' に見つかりません。デバッグ情報がないものとして、オブジェクトにリンクします。
     1>fltkpngd.lib(pngget.obj) : warning LNK4099: PDB 'vc100.pdb' が 'fltkpngd.lib(pngget.obj)' で、または '\\fs01\s1513113\Desktop\ICG215\02\Impressionist\Debug\vc100.pdb' に見つかりません。デバッグ情報がないものとして、オブジェクトにリンクします。
     1>fltkpngd.lib(pngmem.obj) : warning LNK4099: PDB 'vc100.pdb' が 'fltkpngd.lib(pngmem.obj)' で、または '\\fs01\s1513113\Desktop\ICG215\02\Impressionist\Debug\vc100.pdb' に見つかりません。デバッグ情報がないものとして、オブジェクトにリンクします。
     1>fltkpngd.lib(pngread.obj) : warning LNK4099: PDB 'vc100.pdb' が 'fltkpngd.lib(pngread.obj)' で、または '\\fs01\s1513113\Desktop\ICG215\02\Impressionist\Debug\vc100.pdb' に見つかりません。デバッグ情報がないものとして、オブジェクトにリンクします。
     1>fltkpngd.lib(pngrio.obj) : warning LNK4099: PDB 'vc100.pdb' が 'fltkpngd.lib(pngrio.obj)' で、または '\\fs01\s1513113\Desktop\ICG215\02\Impressionist\Debug\vc100.pdb' に見つかりません。デバッグ情報がないものとして、オブジェクトにリンクします。
     1>fltkpngd.lib(pngrtran.obj) : warning LNK4099: PDB 'vc100.pdb' が 'fltkpngd.lib(pngrtran.obj)' で、または '\\fs01\s1513113\Desktop\ICG215\02\Impressionist\Debug\vc100.pdb' に見つかりません。デバッグ情報がないものとして、オブジェクトにリンクします。
     1>fltkpngd.lib(pngrutil.obj) : warning LNK4099: PDB 'vc100.pdb' が 'fltkpngd.lib(pngrutil.obj)' で、または '\\fs01\s1513113\Desktop\ICG215\02\Impressionist\Debug\vc100.pdb' に見つかりません。デバッグ情報がないものとして、オブジェクトにリンクします。
     1>fltkpngd.lib(pngset.obj) : warning LNK4099: PDB 'vc100.pdb' が 'fltkpngd.lib(pngset.obj)' で、または '\\fs01\s1513113\Desktop\ICG215\02\Impressionist\Debug\vc100.pdb' に見つかりません。デバッグ情報がないものとして、オブジェクトにリンクします。
     1>fltkpngd.lib(pngtrans.obj) : warning LNK4099: PDB 'vc100.pdb' が 'fltkpngd.lib(pngtrans.obj)' で、または '\\fs01\s1513113\Desktop\ICG215\02\Impressionist\Debug\vc100.pdb' に見つかりません。デバッグ情報がないものとして、オブジェクトにリンクします。
     1>fltkzlibd.lib(adler32.obj) : warning LNK4099: PDB 'vc100.pdb' が 'fltkzlibd.lib(adler32.obj)' で、または '\\fs01\s1513113\Desktop\ICG215\02\Impressionist\Debug\vc100.pdb' に見つかりません。デバッグ情報がないものとして、オブジェクトにリンクします。
     1>fltkzlibd.lib(crc32.obj) : warning LNK4099: PDB 'vc100.pdb' が 'fltkzlibd.lib(crc32.obj)' で、または '\\fs01\s1513113\Desktop\ICG215\02\Impressionist\Debug\vc100.pdb' に見つかりません。デバッグ情報がないものとして、オブジェクトにリンクします。
     1>fltkzlibd.lib(inffast.obj) : warning LNK4099: PDB 'vc100.pdb' が 'fltkzlibd.lib(inffast.obj)' で、または '\\fs01\s1513113\Desktop\ICG215\02\Impressionist\Debug\vc100.pdb' に見つかりません。デバッグ情報がないものとして、オブジェクトにリンクします。
     1>fltkzlibd.lib(inflate.obj) : warning LNK4099: PDB 'vc100.pdb' が 'fltkzlibd.lib(inflate.obj)' で、または '\\fs01\s1513113\Desktop\ICG215\02\Impressionist\Debug\vc100.pdb' に見つかりません。デバッグ情報がないものとして、オブジェクトにリンクします。
     1>fltkzlibd.lib(inftrees.obj) : warning LNK4099: PDB 'vc100.pdb' が 'fltkzlibd.lib(inftrees.obj)' で、または '\\fs01\s1513113\Desktop\ICG215\02\Impressionist\Debug\vc100.pdb' に見つかりません。デバッグ情報がないものとして、オブジェクトにリンクします。
     1>fltkzlibd.lib(zutil.obj) : warning LNK4099: PDB 'vc100.pdb' が 'fltkzlibd.lib(zutil.obj)' で、または '\\fs01\s1513113\Desktop\ICG215\02\Impressionist\Debug\vc100.pdb' に見つかりません。デバッグ情報がないものとして、オブジェクトにリンクします。
       Manifest:
         C:\Program Files (x86)\Microsoft SDKs\Windows\v7.0A\bin\mt.exe /nologo /verbose /out:"Debug\Impressionist.exe.embed.manifest" /manifest Debug\Impressionist.exe.intermediate.manifest
         すべての出力が最新のものです。
       LinkEmbedManifest:
         すべての出力が最新のものです。
         Impressionist.vcxproj -> \\fs01\s1513113\Desktop\ICG215\02\Impressionist\Debug\Impressionist.exe
       FinalizeBuildStatus:
         ファイル "Debug\Impressionist.unsuccessfulbuild" を削除しています。
         "Debug\Impressionist.lastbuildstate" のタッチ タスクを実行しています。
     1>プロジェクト "\\fs01\s1513113\Desktop\ICG215\02\Impressionist\Impressionist\Impressionist.vcxproj" (build ターゲット) のビルドが完了しました。

ビルドに成功しました。

経過時間 00:00:59.18
